<?xml version="1.0" encoding="UTF-8"?>
<!-- Generated by org.testng.reporters.JUnitReportReporter -->
<testsuite hostname="TIBCO-PF1VJP3W" failures="0" tests="2" name="Section16_TestNG.day2" time="0.021" errors="0"
           timestamp="2023-01-31T14:06:20 ICT" skipped="0">
    <testcase classname="Section16_TestNG.day2" name="Test5" time="0.019"/>
    <system-out/>
    <testcase classname="Section16_TestNG.day2" name="Test6" time="0.002"/>
    <system-out/>
</testsuite> <!-- Section16_TestNG.day2 -->
