<?xml version="1.0" encoding="UTF-8"?>
<!-- Generated by org.testng.reporters.JUnitReportReporter -->
<testsuite hostname="TIBCO-PF1VJP3W" failures="0" tests="4" name="Section16_TestNG.day1" time="0.018" errors="0"
           timestamp="2023-01-31T15:14:36 ICT" skipped="0">
    <testcase classname="Section16_TestNG.day1" name="Test3" time="0.012"/>
    <system-out/>
    <testcase classname="Section16_TestNG.day1" name="Test4" time="0.001"/>
    <system-out/>
    <testcase classname="Section16_TestNG.day1" name="Test4" time="0.003"/>
    <system-out/>
    <testcase classname="Section16_TestNG.day1" name="Test4" time="0.002"/>
    <system-out/>
</testsuite> <!-- Section16_TestNG.day1 -->
