<?xml version="1.0" encoding="UTF-8"?>
<!-- Generated by org.testng.reporters.JUnitReportReporter -->
<testsuite hostname="TIBCO-PF1VJP3W" failures="0" tests="1" name="Section16_TestNG.demo" time="0.012" errors="0"
           timestamp="2023-01-31T10:01:22 ICT" skipped="0">
    <testcase classname="Section16_TestNG.demo" name="Test1" time="0.012"/>
    <system-out/>
</testsuite> <!-- Section16_TestNG.demo -->
